<?xml version="1.0" encoding="UTF-8"?>
<testng-results skipped="0" failed="0" ignored="0" total="1" passed="1">
  <reporter-output>
  </reporter-output>
  <suite name="Default suite" duration-ms="8785" started-at="2022-12-23T18:45:33 IST" finished-at="2022-12-23T18:45:42 IST">
    <groups>
    </groups>
    <test name="Default test" duration-ms="8785" started-at="2022-12-23T18:45:33 IST" finished-at="2022-12-23T18:45:42 IST">
      <class name="tests.Locator1">
        <test-method status="PASS" signature="ancestorTest()[pri:0, instance:tests.Locator1@4493d195]" name="ancestorTest" duration-ms="8741" started-at="2022-12-23T18:45:33 IST" finished-at="2022-12-23T18:45:42 IST">
          <reporter-output>
          </reporter-output>
        </test-method> <!-- ancestorTest -->
      </class> <!-- tests.Locator1 -->
    </test> <!-- Default test -->
  </suite> <!-- Default suite -->
</testng-results>
