<?xml version="1.0" encoding="UTF-8"?>
<testng-results skipped="0" failed="0" ignored="0" total="1" passed="1">
  <reporter-output>
  </reporter-output>
  <suite name="Default suite" duration-ms="8360" started-at="2022-12-23T18:38:39 IST" finished-at="2022-12-23T18:38:47 IST">
    <groups>
    </groups>
    <test name="Default test" duration-ms="8360" started-at="2022-12-23T18:38:39 IST" finished-at="2022-12-23T18:38:47 IST">
      <class name="tests.Ancestor9">
        <test-method status="PASS" signature="ancestorTest()[pri:0, instance:tests.Ancestor9@4493d195]" name="ancestorTest" duration-ms="8315" started-at="2022-12-23T18:38:39 IST" finished-at="2022-12-23T18:38:47 IST">
          <reporter-output>
          </reporter-output>
        </test-method> <!-- ancestorTest -->
      </class> <!-- tests.Ancestor9 -->
    </test> <!-- Default test -->
  </suite> <!-- Default suite -->
</testng-results>
